Build started 4/8/2563 21:05:25.
     1>Project "C:\Users\Ankh\Desktop\Homework_3\Homework_3\Homework_3.vcxproj" on node 2 (build target(s)).
     1>InitializeBuildStatus:
         Touching "Debug\Homework_3.unsuccessfulbuild".
       ClCompile:
         C:\Program Files (x86)\Microsoft Visual Studio 10.0\VC\bin\CL.exe /c /ZI /nologo /W3 /WX- /Od /Oy- /D WIN32 /D _DEBUG /D _CONSOLE /D _UNICODE /D UNICODE /Gm /EHsc /RTC1 /MDd /GS /fp:precise /Zc:wchar_t /Zc:forScope /Fo"Debug\\" /Fd"Debug\vc100.pdb" /Gd /TP /analyze- /errorReport:prompt Homework_3.cpp
         Homework_3.cpp
       ManifestResourceCompile:
         C:\Program Files (x86)\Microsoft SDKs\Windows\v7.0A\bin\rc.exe /nologo /fo"Debug\Homework_3.exe.embed.manifest.res" Debug\Homework_3_manifest.rc 
       Link:
         C:\Program Files (x86)\Microsoft Visual Studio 10.0\VC\bin\link.exe /ERRORREPORT:PROMPT /OUT:"C:\Users\Ankh\Desktop\Homework_3\Debug\Homework_3.exe" /INCREMENTAL /NOLOGO kernel32.lib user32.lib gdi32.lib winspool.lib comdlg32.lib advapi32.lib shell32.lib ole32.lib oleaut32.lib uuid.lib odbc32.lib odbccp32.lib /MANIFEST /ManifestFile:"Debug\Homework_3.exe.intermediate.manifest" /MANIFESTUAC:"level='asInvoker' uiAccess='false'" /DEBUG /PDB:"C:\Users\Ankh\Desktop\Homework_3\Debug\Homework_3.pdb" /SUBSYSTEM:CONSOLE /TLBID:1 /DYNAMICBASE /NXCOMPAT /IMPLIB:"C:\Users\Ankh\Desktop\Homework_3\Debug\Homework_3.lib" /MACHINE:X86 Debug\Homework_3.exe.embed.manifest.res
         Debug\Homework_3.obj
       Manifest:
         C:\Program Files (x86)\Microsoft SDKs\Windows\v7.0A\bin\mt.exe /nologo /verbose /out:"Debug\Homework_3.exe.embed.manifest" /manifest Debug\Homework_3.exe.intermediate.manifest
         C:\Program Files (x86)\Microsoft SDKs\Windows\v7.0A\bin\rc.exe /nologo /fo"Debug\Homework_3.exe.embed.manifest.res" Debug\Homework_3_manifest.rc 
       LinkEmbedManifest:
         C:\Program Files (x86)\Microsoft Visual Studio 10.0\VC\bin\link.exe /ERRORREPORT:PROMPT /OUT:"C:\Users\Ankh\Desktop\Homework_3\Debug\Homework_3.exe" /INCREMENTAL /NOLOGO kernel32.lib user32.lib gdi32.lib winspool.lib comdlg32.lib advapi32.lib shell32.lib ole32.lib oleaut32.lib uuid.lib odbc32.lib odbccp32.lib /MANIFEST /ManifestFile:"Debug\Homework_3.exe.intermediate.manifest" /MANIFESTUAC:"level='asInvoker' uiAccess='false'" /DEBUG /PDB:"C:\Users\Ankh\Desktop\Homework_3\Debug\Homework_3.pdb" /SUBSYSTEM:CONSOLE /TLBID:1 /DYNAMICBASE /NXCOMPAT /IMPLIB:"C:\Users\Ankh\Desktop\Homework_3\Debug\Homework_3.lib" /MACHINE:X86 Debug\Homework_3.exe.embed.manifest.res
         Debug\Homework_3.obj
         Homework_3.vcxproj -> C:\Users\Ankh\Desktop\Homework_3\Debug\Homework_3.exe
       FinalizeBuildStatus:
         Deleting file "Debug\Homework_3.unsuccessfulbuild".
         Touching "Debug\Homework_3.lastbuildstate".
     1>Done Building Project "C:\Users\Ankh\Desktop\Homework_3\Homework_3\Homework_3.vcxproj" (build target(s)).

Build succeeded.

Time Elapsed 00:00:01.91
